============================= test session starts =============================
platform win32 -- Python 3.14.3, pytest-9.1.1, pluggy-1.6.0
rootdir: C:\Users\HP\Desktop\online internship portal\ONLINE-INTERNSHIP-PORTAL\backend
plugins: anyio-4.14.0
collected 0 items / 1 error

=================================== ERRORS ====================================
____________________ ERROR collecting test_integration.py _____________________
ImportError while importing test module 'C:\Users\HP\Desktop\online internship portal\ONLINE-INTERNSHIP-PORTAL\backend\test_integration.py'.
Hint: make sure your test modules/packages have valid Python names.
Traceback:
C:\Python314\Lib\importlib\__init__.py:88: in import_module
    return _bootstrap._gcd_import(name[level:], package, level)
           ^^^^^^^^^^^^^^^^^^^^^^^^^^^^^^^^^^^^^^^^^^^^^^^^^^^^
test_integration.py:6: in <module>
    from main import app
main.py:27: in <module>
    from routers import auth, meetings, airdrops, onboarding, tasks, analytics, submissions, users, certificates, batch_analytics, facts, leaderboard, simulation, tickets
routers\airdrops.py:8: in <module>
    import schemas.airdrops as schemas_airdrops
E   ModuleNotFoundError: No module named 'schemas.airdrops'; 'schemas' is not a package
------------------------------- Captured stdout -------------------------------

==================================================
DEBUG: LOADED DATABASE_URL -> postgresql+psycopg2://postgres.vilcgxfidyjunirdkxxu:Proeduvate%401@aws-0-ap-northeast-1.pooler.supabase.com:6543/postgres
==================================================


==================================================
DEBUG: LOADED DATABASE_URL -> postgresql+psycopg2://postgres.vilcgxfidyjunirdkxxu:Proeduvate%401@aws-0-ap-northeast-1.pooler.supabase.com:6543/postgres
==================================================

============================== warnings summary ===============================
..\.venv\Lib\site-packages\fastapi\testclient.py:1
  C:\Users\HP\Desktop\online internship portal\ONLINE-INTERNSHIP-PORTAL\.venv\Lib\site-packages\fastapi\testclient.py:1: StarletteDeprecationWarning: Using `httpx` with `starlette.testclient` is deprecated; install `httpx2` instead.
    from starlette.testclient import TestClient as TestClient  # noqa

app\schemas\__init__.py:43
  C:\Users\HP\Desktop\online internship portal\ONLINE-INTERNSHIP-PORTAL\backend\app\schemas\__init__.py:43: PydanticDeprecatedSince20: Support for class-based `config` is deprecated, use ConfigDict instead. Deprecated in Pydantic V2.0 to be removed in V3.0. See Pydantic V2 Migration Guide at https://errors.pydantic.dev/2.13/migration/
    class UserResponse(BaseModel):

app\schemas\__init__.py:71
  C:\Users\HP\Desktop\online internship portal\ONLINE-INTERNSHIP-PORTAL\backend\app\schemas\__init__.py:71: PydanticDeprecatedSince20: Support for class-based `config` is deprecated, use ConfigDict instead. Deprecated in Pydantic V2.0 to be removed in V3.0. See Pydantic V2 Migration Guide at https://errors.pydantic.dev/2.13/migration/
    class DomainResponse(BaseModel):

app\schemas\__init__.py:104
  C:\Users\HP\Desktop\online internship portal\ONLINE-INTERNSHIP-PORTAL\backend\app\schemas\__init__.py:104: PydanticDeprecatedSince20: Support for class-based `config` is deprecated, use ConfigDict instead. Deprecated in Pydantic V2.0 to be removed in V3.0. See Pydantic V2 Migration Guide at https://errors.pydantic.dev/2.13/migration/
    class TaskResponse(BaseModel):

app\schemas\__init__.py:144
  C:\Users\HP\Desktop\online internship portal\ONLINE-INTERNSHIP-PORTAL\backend\app\schemas\__init__.py:144: PydanticDeprecatedSince20: Support for class-based `config` is deprecated, use ConfigDict instead. Deprecated in Pydantic V2.0 to be removed in V3.0. See Pydantic V2 Migration Guide at https://errors.pydantic.dev/2.13/migration/
    class SubmissionResponse(BaseModel):

app\schemas\__init__.py:168
  C:\Users\HP\Desktop\online internship portal\ONLINE-INTERNSHIP-PORTAL\backend\app\schemas\__init__.py:168: PydanticDeprecatedSince20: Support for class-based `config` is deprecated, use ConfigDict instead. Deprecated in Pydantic V2.0 to be removed in V3.0. See Pydantic V2 Migration Guide at https://errors.pydantic.dev/2.13/migration/
    class CodeExecutionResponse(BaseModel):

app\schemas\__init__.py:192
  C:\Users\HP\Desktop\online internship portal\ONLINE-INTERNSHIP-PORTAL\backend\app\schemas\__init__.py:192: PydanticDeprecatedSince20: Support for class-based `config` is deprecated, use ConfigDict instead. Deprecated in Pydantic V2.0 to be removed in V3.0. See Pydantic V2 Migration Guide at https://errors.pydantic.dev/2.13/migration/
    class MessageResponse(BaseModel):

app\schemas\__init__.py:211
  C:\Users\HP\Desktop\online internship portal\ONLINE-INTERNSHIP-PORTAL\backend\app\schemas\__init__.py:211: PydanticDeprecatedSince20: Support for class-based `config` is deprecated, use ConfigDict instead. Deprecated in Pydantic V2.0 to be removed in V3.0. See Pydantic V2 Migration Guide at https://errors.pydantic.dev/2.13/migration/
    class MeetingResponse(BaseModel):

app\schemas\__init__.py:226
  C:\Users\HP\Desktop\online internship portal\ONLINE-INTERNSHIP-PORTAL\backend\app\schemas\__init__.py:226: PydanticDeprecatedSince20: Support for class-based `config` is deprecated, use ConfigDict instead. Deprecated in Pydantic V2.0 to be removed in V3.0. See Pydantic V2 Migration Guide at https://errors.pydantic.dev/2.13/migration/
    class CertificateResponse(BaseModel):

app\schemas\__init__.py:238
  C:\Users\HP\Desktop\online internship portal\ONLINE-INTERNSHIP-PORTAL\backend\app\schemas\__init__.py:238: PydanticDeprecatedSince20: Support for class-based `config` is deprecated, use ConfigDict instead. Deprecated in Pydantic V2.0 to be removed in V3.0. See Pydantic V2 Migration Guide at https://errors.pydantic.dev/2.13/migration/
    class CertificateInfoResponse(BaseModel):

app\schemas\__init__.py:251
  C:\Users\HP\Desktop\online internship portal\ONLINE-INTERNSHIP-PORTAL\backend\app\schemas\__init__.py:251: PydanticDeprecatedSince20: Support for class-based `config` is deprecated, use ConfigDict instead. Deprecated in Pydantic V2.0 to be removed in V3.0. See Pydantic V2 Migration Guide at https://errors.pydantic.dev/2.13/migration/
    class AttendanceLogResponse(BaseModel):

app\schemas\__init__.py:268
  C:\Users\HP\Desktop\online internship portal\ONLINE-INTERNSHIP-PORTAL\backend\app\schemas\__init__.py:268: PydanticDeprecatedSince20: Support for class-based `config` is deprecated, use ConfigDict instead. Deprecated in Pydantic V2.0 to be removed in V3.0. See Pydantic V2 Migration Guide at https://errors.pydantic.dev/2.13/migration/
    class AnnouncementResponse(BaseModel):

app\schemas\__init__.py:289
  C:\Users\HP\Desktop\online internship portal\ONLINE-INTERNSHIP-PORTAL\backend\app\schemas\__init__.py:289: PydanticDeprecatedSince20: Support for class-based `config` is deprecated, use ConfigDict instead. Deprecated in Pydantic V2.0 to be removed in V3.0. See Pydantic V2 Migration Guide at https://errors.pydantic.dev/2.13/migration/
    class NotificationResponse(BaseModel):

app\schemas\__init__.py:302
  C:\Users\HP\Desktop\online internship portal\ONLINE-INTERNSHIP-PORTAL\backend\app\schemas\__init__.py:302: PydanticDeprecatedSince20: Support for class-based `config` is deprecated, use ConfigDict instead. Deprecated in Pydantic V2.0 to be removed in V3.0. See Pydantic V2 Migration Guide at https://errors.pydantic.dev/2.13/migration/
    class PortfolioResponse(BaseModel):

routers\meetings.py:32
  C:\Users\HP\Desktop\online internship portal\ONLINE-INTERNSHIP-PORTAL\backend\routers\meetings.py:32: PydanticDeprecatedSince20: Support for class-based `config` is deprecated, use ConfigDict instead. Deprecated in Pydantic V2.0 to be removed in V3.0. See Pydantic V2 Migration Guide at https://errors.pydantic.dev/2.13/migration/
    class MeetingResponse(BaseModel):

..\.venv\Lib\site-packages\pydantic\_internal\_config.py:386
  C:\Users\HP\Desktop\online internship portal\ONLINE-INTERNSHIP-PORTAL\.venv\Lib\site-packages\pydantic\_internal\_config.py:386: UserWarning: Valid config keys have changed in V2:
  * 'orm_mode' has been renamed to 'from_attributes'
    warnings.warn(message, UserWarning)

schemas.py:43
  C:\Users\HP\Desktop\online internship portal\ONLINE-INTERNSHIP-PORTAL\backend\schemas.py:43: PydanticDeprecatedSince20: Support for class-based `config` is deprecated, use ConfigDict instead. Deprecated in Pydantic V2.0 to be removed in V3.0. See Pydantic V2 Migration Guide at https://errors.pydantic.dev/2.13/migration/
    class UserResponse(BaseModel):

schemas.py:71
  C:\Users\HP\Desktop\online internship portal\ONLINE-INTERNSHIP-PORTAL\backend\schemas.py:71: PydanticDeprecatedSince20: Support for class-based `config` is deprecated, use ConfigDict instead. Deprecated in Pydantic V2.0 to be removed in V3.0. See Pydantic V2 Migration Guide at https://errors.pydantic.dev/2.13/migration/
    class DomainResponse(BaseModel):

schemas.py:98
  C:\Users\HP\Desktop\online internship portal\ONLINE-INTERNSHIP-PORTAL\backend\schemas.py:98: PydanticDeprecatedSince20: Support for class-based `config` is deprecated, use ConfigDict instead. Deprecated in Pydantic V2.0 to be removed in V3.0. See Pydantic V2 Migration Guide at https://errors.pydantic.dev/2.13/migration/
    class TaskResponse(BaseModel):

schemas.py:129
  C:\Users\HP\Desktop\online internship portal\ONLINE-INTERNSHIP-PORTAL\backend\schemas.py:129: PydanticDeprecatedSince20: Support for class-based `config` is deprecated, use ConfigDict instead. Deprecated in Pydantic V2.0 to be removed in V3.0. See Pydantic V2 Migration Guide at https://errors.pydantic.dev/2.13/migration/
    class SubmissionResponse(BaseModel):

schemas.py:151
  C:\Users\HP\Desktop\online internship portal\ONLINE-INTERNSHIP-PORTAL\backend\schemas.py:151: PydanticDeprecatedSince20: Support for class-based `config` is deprecated, use ConfigDict instead. Deprecated in Pydantic V2.0 to be removed in V3.0. See Pydantic V2 Migration Guide at https://errors.pydantic.dev/2.13/migration/
    class CodeExecutionResponse(BaseModel):

schemas.py:175
  C:\Users\HP\Desktop\online internship portal\ONLINE-INTERNSHIP-PORTAL\backend\schemas.py:175: PydanticDeprecatedSince20: Support for class-based `config` is deprecated, use ConfigDict instead. Deprecated in Pydantic V2.0 to be removed in V3.0. See Pydantic V2 Migration Guide at https://errors.pydantic.dev/2.13/migration/
    class MessageResponse(BaseModel):

schemas.py:197
  C:\Users\HP\Desktop\online internship portal\ONLINE-INTERNSHIP-PORTAL\backend\schemas.py:197: PydanticDeprecatedSince20: Support for class-based `config` is deprecated, use ConfigDict instead. Deprecated in Pydantic V2.0 to be removed in V3.0. See Pydantic V2 Migration Guide at https://errors.pydantic.dev/2.13/migration/
    class BreakoutRoomResponse(BreakoutRoomBase):

schemas.py:218
  C:\Users\HP\Desktop\online internship portal\ONLINE-INTERNSHIP-PORTAL\backend\schemas.py:218: PydanticDeprecatedSince20: Support for class-based `config` is deprecated, use ConfigDict instead. Deprecated in Pydantic V2.0 to be removed in V3.0. See Pydantic V2 Migration Guide at https://errors.pydantic.dev/2.13/migration/
    class MeetingResponse(MeetingBase):

schemas.py:233
  C:\Users\HP\Desktop\online internship portal\ONLINE-INTERNSHIP-PORTAL\backend\schemas.py:233: PydanticDeprecatedSince20: Support for class-based `config` is deprecated, use ConfigDict instead. Deprecated in Pydantic V2.0 to be removed in V3.0. See Pydantic V2 Migration Guide at https://errors.pydantic.dev/2.13/migration/
    class CertificateResponse(BaseModel):

schemas.py:244
  C:\Users\HP\Desktop\online internship portal\ONLINE-INTERNSHIP-PORTAL\backend\schemas.py:244: PydanticDeprecatedSince20: Support for class-based `config` is deprecated, use ConfigDict instead. Deprecated in Pydantic V2.0 to be removed in V3.0. See Pydantic V2 Migration Guide at https://errors.pydantic.dev/2.13/migration/
    class CertificateInfoResponse(BaseModel):

schemas.py:256
  C:\Users\HP\Desktop\online internship portal\ONLINE-INTERNSHIP-PORTAL\backend\schemas.py:256: PydanticDeprecatedSince20: Support for class-based `config` is deprecated, use ConfigDict instead. Deprecated in Pydantic V2.0 to be removed in V3.0. See Pydantic V2 Migration Guide at https://errors.pydantic.dev/2.13/migration/
    class AttendanceLogResponse(BaseModel):

schemas.py:271
  C:\Users\HP\Desktop\online internship portal\ONLINE-INTERNSHIP-PORTAL\backend\schemas.py:271: PydanticDeprecatedSince20: Support for class-based `config` is deprecated, use ConfigDict instead. Deprecated in Pydantic V2.0 to be removed in V3.0. See Pydantic V2 Migration Guide at https://errors.pydantic.dev/2.13/migration/
    class AnnouncementResponse(BaseModel):

schemas.py:292
  C:\Users\HP\Desktop\online internship portal\ONLINE-INTERNSHIP-PORTAL\backend\schemas.py:292: PydanticDeprecatedSince20: Support for class-based `config` is deprecated, use ConfigDict instead. Deprecated in Pydantic V2.0 to be removed in V3.0. See Pydantic V2 Migration Guide at https://errors.pydantic.dev/2.13/migration/
    class NotificationResponse(BaseModel):

schemas.py:304
  C:\Users\HP\Desktop\online internship portal\ONLINE-INTERNSHIP-PORTAL\backend\schemas.py:304: PydanticDeprecatedSince20: Support for class-based `config` is deprecated, use ConfigDict instead. Deprecated in Pydantic V2.0 to be removed in V3.0. See Pydantic V2 Migration Guide at https://errors.pydantic.dev/2.13/migration/
    class PortfolioResponse(BaseModel):

schemas.py:386
  C:\Users\HP\Desktop\online internship portal\ONLINE-INTERNSHIP-PORTAL\backend\schemas.py:386: PydanticDeprecatedSince20: Support for class-based `config` is deprecated, use ConfigDict instead. Deprecated in Pydantic V2.0 to be removed in V3.0. See Pydantic V2 Migration Guide at https://errors.pydantic.dev/2.13/migration/
    class CertificateResponse(BaseModel):

-- Docs: https://docs.pytest.org/en/stable/how-to/capture-warnings.html
=========================== short test summary info ===========================
ERROR test_integration.py
!!!!!!!!!!!!!!!!!!! Interrupted: 1 error during collection !!!!!!!!!!!!!!!!!!!!
======================== 31 warnings, 1 error in 5.36s ========================
